
-----
Test: tests/test_booking.py::Test_new_book::test_create_new_book (call)
Time: 2024-04-07 18:57:07.934404
Request method: POST
Request URL: https://restful-booker.herokuapp.com/auth

Response code: 200
Response text: {"token":"8899539f0aa953e"}
Response headers: {'Server': 'Cowboy', 'Report-To': '{"group":"heroku-nel","max_age":3600,"endpoints":[{"url":"https://nel.heroku.com/reports?ts=1712505430&sid=c46efe9b-d3d2-4a0c-8c76-bfafa16c5add&s=oMPz7HC5OUoB8q3SfvvGtycZM86pSf8zMMtpqhVr1Ms%3D"}]}', 'Reporting-Endpoints': 'heroku-nel=https://nel.heroku.com/reports?ts=1712505430&sid=c46efe9b-d3d2-4a0c-8c76-bfafa16c5add&s=oMPz7HC5OUoB8q3SfvvGtycZM86pSf8zMMtpqhVr1Ms%3D', 'Nel': '{"report_to":"heroku-nel","max_age":3600,"success_fraction":0.005,"failure_fraction":0.05,"response_headers":["Via"]}', 'Connection': 'keep-alive', 'X-Powered-By': 'Express', 'Content-Type': 'application/json; charset=utf-8', 'Content-Length': '27', 'Etag': 'W/"1b-68rMbm+be3DF6BVVZnke5NytEfQ"', 'Date': 'Sun, 07 Apr 2024 15:57:10 GMT', 'Via': '1.1 vegur'}
Response cookies: {}

-----

-----
Test: tests/test_booking.py::Test_new_book::test_create_new_book (call)
Time: 2024-04-07 18:57:10.799568
Request method: POST
Request URL: https://restful-booker.herokuapp.com/booking

Response code: 200
Response text: {"bookingid":3184,"booking":{"firstname":"James","lastname":"Smith","totalprice":999,"depositpaid":false,"bookingdates":{"checkin":"2023-01-01","checkout":"2024-01-01"},"additionalneeds":"QA"}}
Response headers: {'Server': 'Cowboy', 'Report-To': '{"group":"heroku-nel","max_age":3600,"endpoints":[{"url":"https://nel.heroku.com/reports?ts=1712505433&sid=c46efe9b-d3d2-4a0c-8c76-bfafa16c5add&s=oc1PCJzO29ls3AiEQwLc85jBjUb1vuf2d0VpmhYaL2E%3D"}]}', 'Reporting-Endpoints': 'heroku-nel=https://nel.heroku.com/reports?ts=1712505433&sid=c46efe9b-d3d2-4a0c-8c76-bfafa16c5add&s=oc1PCJzO29ls3AiEQwLc85jBjUb1vuf2d0VpmhYaL2E%3D', 'Nel': '{"report_to":"heroku-nel","max_age":3600,"success_fraction":0.005,"failure_fraction":0.05,"response_headers":["Via"]}', 'Connection': 'keep-alive', 'X-Powered-By': 'Express', 'Content-Type': 'application/json; charset=utf-8', 'Content-Length': '193', 'Etag': 'W/"c1-Z8DQWhcIybohGzmCtClYGd5pLLI"', 'Date': 'Sun, 07 Apr 2024 15:57:13 GMT', 'Via': '1.1 vegur'}
Response cookies: {}

-----

-----
Test: tests/test_booking.py::Test_new_book::test_create_new_book (call)
Time: 2024-04-07 18:57:14.377827
Request method: PUT
Request URL: https://restful-booker.herokuapp.com/booking/3184

Response code: 200
Response text: {"firstname":"James","lastname":"Smith","totalprice":599,"depositpaid":true,"bookingdates":{"checkin":"2023-01-01","checkout":"2024-03-24"},"additionalneeds":"QA"}
Response headers: {'Server': 'Cowboy', 'Report-To': '{"group":"heroku-nel","max_age":3600,"endpoints":[{"url":"https://nel.heroku.com/reports?ts=1712505436&sid=c46efe9b-d3d2-4a0c-8c76-bfafa16c5add&s=aFfimokjJNYpsU5WV6itW0b6c414hDzlzGumrx204ZI%3D"}]}', 'Reporting-Endpoints': 'heroku-nel=https://nel.heroku.com/reports?ts=1712505436&sid=c46efe9b-d3d2-4a0c-8c76-bfafa16c5add&s=aFfimokjJNYpsU5WV6itW0b6c414hDzlzGumrx204ZI%3D', 'Nel': '{"report_to":"heroku-nel","max_age":3600,"success_fraction":0.005,"failure_fraction":0.05,"response_headers":["Via"]}', 'Connection': 'keep-alive', 'X-Powered-By': 'Express', 'Content-Type': 'application/json; charset=utf-8', 'Content-Length': '163', 'Etag': 'W/"a3-wS3ImbX1IGb8M8WFkUOD+pquUd4"', 'Date': 'Sun, 07 Apr 2024 15:57:16 GMT', 'Via': '1.1 vegur'}
Response cookies: {}

-----

-----
Test: tests/test_booking.py::Test_new_book::test_create_new_book (call)
Time: 2024-04-07 18:57:16.759173
Request method: GET
Request URL: https://restful-booker.herokuapp.com/booking/3184

Response code: 200
Response text: {"firstname":"James","lastname":"Smith","totalprice":599,"depositpaid":true,"bookingdates":{"checkin":"2023-01-01","checkout":"2024-03-24"},"additionalneeds":"QA"}
Response headers: {'Server': 'Cowboy', 'Report-To': '{"group":"heroku-nel","max_age":3600,"endpoints":[{"url":"https://nel.heroku.com/reports?ts=1712505439&sid=c46efe9b-d3d2-4a0c-8c76-bfafa16c5add&s=XCMwBhMvKYCDtsVbrPMZBX%2BVCGJ4wiyM3XAFsYYbtjA%3D"}]}', 'Reporting-Endpoints': 'heroku-nel=https://nel.heroku.com/reports?ts=1712505439&sid=c46efe9b-d3d2-4a0c-8c76-bfafa16c5add&s=XCMwBhMvKYCDtsVbrPMZBX%2BVCGJ4wiyM3XAFsYYbtjA%3D', 'Nel': '{"report_to":"heroku-nel","max_age":3600,"success_fraction":0.005,"failure_fraction":0.05,"response_headers":["Via"]}', 'Connection': 'keep-alive', 'X-Powered-By': 'Express', 'Content-Type': 'application/json; charset=utf-8', 'Content-Length': '163', 'Etag': 'W/"a3-wS3ImbX1IGb8M8WFkUOD+pquUd4"', 'Date': 'Sun, 07 Apr 2024 15:57:19 GMT', 'Via': '1.1 vegur'}
Response cookies: {}

-----

-----
Test: tests/test_booking.py::Test_new_book::test_create_new_book (call)
Time: 2024-04-07 18:57:20.240551
Request method: PUT
Request URL: https://restful-booker.herokuapp.com/booking/3184

Response code: 201
Response text: Created
Response headers: {'Server': 'Cowboy', 'Report-To': '{"group":"heroku-nel","max_age":3600,"endpoints":[{"url":"https://nel.heroku.com/reports?ts=1712505443&sid=c46efe9b-d3d2-4a0c-8c76-bfafa16c5add&s=OVx0xbbltH8HS%2FqzallPcI%2BU5VmkFBq%2BByWvSzu8m30%3D"}]}', 'Reporting-Endpoints': 'heroku-nel=https://nel.heroku.com/reports?ts=1712505443&sid=c46efe9b-d3d2-4a0c-8c76-bfafa16c5add&s=OVx0xbbltH8HS%2FqzallPcI%2BU5VmkFBq%2BByWvSzu8m30%3D', 'Nel': '{"report_to":"heroku-nel","max_age":3600,"success_fraction":0.005,"failure_fraction":0.05,"response_headers":["Via"]}', 'Connection': 'keep-alive', 'X-Powered-By': 'Express', 'Content-Type': 'text/plain; charset=utf-8', 'Content-Length': '7', 'Etag': 'W/"7-rM9AyJuqT6iOan/xHh+AW+7K/T8"', 'Date': 'Sun, 07 Apr 2024 15:57:23 GMT', 'Via': '1.1 vegur'}
Response cookies: {}

-----

-----
Test: tests/test_booking.py::Test_new_book::test_create_new_book (call)
Time: 2024-04-07 18:57:23.918108
Request method: GET
Request URL: https://restful-booker.herokuapp.com/booking/3184

Response code: 404
Response text: Not Found
Response headers: {'Server': 'Cowboy', 'Report-To': '{"group":"heroku-nel","max_age":3600,"endpoints":[{"url":"https://nel.heroku.com/reports?ts=1712505445&sid=c46efe9b-d3d2-4a0c-8c76-bfafa16c5add&s=9fbka3rL0MxPLjUiBXkMGcsJrSKAeYc3lE2vK%2FyxpD4%3D"}]}', 'Reporting-Endpoints': 'heroku-nel=https://nel.heroku.com/reports?ts=1712505445&sid=c46efe9b-d3d2-4a0c-8c76-bfafa16c5add&s=9fbka3rL0MxPLjUiBXkMGcsJrSKAeYc3lE2vK%2FyxpD4%3D', 'Nel': '{"report_to":"heroku-nel","max_age":3600,"success_fraction":0.005,"failure_fraction":0.05,"response_headers":["Via"]}', 'Connection': 'keep-alive', 'X-Powered-By': 'Express', 'Content-Type': 'text/plain; charset=utf-8', 'Content-Length': '9', 'Etag': 'W/"9-0gXL1ngzMqISxa6S1zx3F4wtLyg"', 'Date': 'Sun, 07 Apr 2024 15:57:25 GMT', 'Via': '1.1 vegur'}
Response cookies: {}

-----
