
-----
Test: tests/test_booking.py::Test_new_book::test_create_new_book (call)
Time: 2024-04-18 22:55:15.148494
Request method: POST
Request URL: https://restful-booker.herokuapp.com/auth

Response code: 200
Response text: {"token":"7d531939595e1a7"}
Response headers: {'Server': 'Cowboy', 'Report-To': '{"group":"heroku-nel","max_age":3600,"endpoints":[{"url":"https://nel.heroku.com/reports?ts=1713470116&sid=c46efe9b-d3d2-4a0c-8c76-bfafa16c5add&s=vJsPj4mBXLXdMLl8bQTaYwVPGmxLSBWB64fM2ax2hbM%3D"}]}', 'Reporting-Endpoints': 'heroku-nel=https://nel.heroku.com/reports?ts=1713470116&sid=c46efe9b-d3d2-4a0c-8c76-bfafa16c5add&s=vJsPj4mBXLXdMLl8bQTaYwVPGmxLSBWB64fM2ax2hbM%3D', 'Nel': '{"report_to":"heroku-nel","max_age":3600,"success_fraction":0.005,"failure_fraction":0.05,"response_headers":["Via"]}', 'Connection': 'keep-alive', 'X-Powered-By': 'Express', 'Content-Type': 'application/json; charset=utf-8', 'Content-Length': '27', 'Etag': 'W/"1b-f76Tbh/GdTwG70ZHNe0noVsyktY"', 'Date': 'Thu, 18 Apr 2024 19:55:16 GMT', 'Via': '1.1 vegur'}
Response cookies: {}

-----

-----
Test: tests/test_booking.py::Test_new_book::test_create_new_book (call)
Time: 2024-04-18 22:55:15.761920
Request method: POST
Request URL: https://restful-booker.herokuapp.com/booking

Response code: 200
Response text: {"bookingid":2121,"booking":{"firstname":"James","lastname":"Smith","totalprice":999,"depositpaid":false,"bookingdates":{"checkin":"2023-01-01","checkout":"2024-01-01"},"additionalneeds":"QA"}}
Response headers: {'Server': 'Cowboy', 'Report-To': '{"group":"heroku-nel","max_age":3600,"endpoints":[{"url":"https://nel.heroku.com/reports?ts=1713470117&sid=c46efe9b-d3d2-4a0c-8c76-bfafa16c5add&s=uuH2RT9wVykReMDFcWg%2FBsE6Pg%2Brhi%2Btzm6Yf3YeNlY%3D"}]}', 'Reporting-Endpoints': 'heroku-nel=https://nel.heroku.com/reports?ts=1713470117&sid=c46efe9b-d3d2-4a0c-8c76-bfafa16c5add&s=uuH2RT9wVykReMDFcWg%2FBsE6Pg%2Brhi%2Btzm6Yf3YeNlY%3D', 'Nel': '{"report_to":"heroku-nel","max_age":3600,"success_fraction":0.005,"failure_fraction":0.05,"response_headers":["Via"]}', 'Connection': 'keep-alive', 'X-Powered-By': 'Express', 'Content-Type': 'application/json; charset=utf-8', 'Content-Length': '193', 'Etag': 'W/"c1-3rmhRKuX5JrON8r36innZEji9Cs"', 'Date': 'Thu, 18 Apr 2024 19:55:17 GMT', 'Via': '1.1 vegur'}
Response cookies: {}

-----

-----
Test: tests/test_booking.py::Test_new_book::test_create_new_book (call)
Time: 2024-04-18 22:55:16.276113
Request method: PUT
Request URL: https://restful-booker.herokuapp.com/booking/2121

Response code: 200
Response text: {"firstname":"James","lastname":"Smith","totalprice":599,"depositpaid":true,"bookingdates":{"checkin":"2023-01-01","checkout":"2024-03-24"},"additionalneeds":"QA"}
Response headers: {'Server': 'Cowboy', 'Report-To': '{"group":"heroku-nel","max_age":3600,"endpoints":[{"url":"https://nel.heroku.com/reports?ts=1713470117&sid=c46efe9b-d3d2-4a0c-8c76-bfafa16c5add&s=uuH2RT9wVykReMDFcWg%2FBsE6Pg%2Brhi%2Btzm6Yf3YeNlY%3D"}]}', 'Reporting-Endpoints': 'heroku-nel=https://nel.heroku.com/reports?ts=1713470117&sid=c46efe9b-d3d2-4a0c-8c76-bfafa16c5add&s=uuH2RT9wVykReMDFcWg%2FBsE6Pg%2Brhi%2Btzm6Yf3YeNlY%3D', 'Nel': '{"report_to":"heroku-nel","max_age":3600,"success_fraction":0.005,"failure_fraction":0.05,"response_headers":["Via"]}', 'Connection': 'keep-alive', 'X-Powered-By': 'Express', 'Content-Type': 'application/json; charset=utf-8', 'Content-Length': '163', 'Etag': 'W/"a3-wS3ImbX1IGb8M8WFkUOD+pquUd4"', 'Date': 'Thu, 18 Apr 2024 19:55:17 GMT', 'Via': '1.1 vegur'}
Response cookies: {}

-----

-----
Test: tests/test_booking.py::Test_new_book::test_create_new_book (call)
Time: 2024-04-18 22:55:16.779277
Request method: GET
Request URL: https://restful-booker.herokuapp.com/booking/2121

Response code: 200
Response text: {"firstname":"James","lastname":"Smith","totalprice":599,"depositpaid":true,"bookingdates":{"checkin":"2023-01-01","checkout":"2024-03-24"},"additionalneeds":"QA"}
Response headers: {'Server': 'Cowboy', 'Report-To': '{"group":"heroku-nel","max_age":3600,"endpoints":[{"url":"https://nel.heroku.com/reports?ts=1713470118&sid=c46efe9b-d3d2-4a0c-8c76-bfafa16c5add&s=8IuQbe5zpih8%2Bt6chPpsowv%2FPjxOzwJTYdu3CARxraE%3D"}]}', 'Reporting-Endpoints': 'heroku-nel=https://nel.heroku.com/reports?ts=1713470118&sid=c46efe9b-d3d2-4a0c-8c76-bfafa16c5add&s=8IuQbe5zpih8%2Bt6chPpsowv%2FPjxOzwJTYdu3CARxraE%3D', 'Nel': '{"report_to":"heroku-nel","max_age":3600,"success_fraction":0.005,"failure_fraction":0.05,"response_headers":["Via"]}', 'Connection': 'keep-alive', 'X-Powered-By': 'Express', 'Content-Type': 'application/json; charset=utf-8', 'Content-Length': '163', 'Etag': 'W/"a3-wS3ImbX1IGb8M8WFkUOD+pquUd4"', 'Date': 'Thu, 18 Apr 2024 19:55:18 GMT', 'Via': '1.1 vegur'}
Response cookies: {}

-----

-----
Test: tests/test_booking.py::Test_new_book::test_create_new_book (call)
Time: 2024-04-18 22:55:17.291159
Request method: PUT
Request URL: https://restful-booker.herokuapp.com/booking/2121

Response code: 201
Response text: Created
Response headers: {'Server': 'Cowboy', 'Report-To': '{"group":"heroku-nel","max_age":3600,"endpoints":[{"url":"https://nel.heroku.com/reports?ts=1713470118&sid=c46efe9b-d3d2-4a0c-8c76-bfafa16c5add&s=8IuQbe5zpih8%2Bt6chPpsowv%2FPjxOzwJTYdu3CARxraE%3D"}]}', 'Reporting-Endpoints': 'heroku-nel=https://nel.heroku.com/reports?ts=1713470118&sid=c46efe9b-d3d2-4a0c-8c76-bfafa16c5add&s=8IuQbe5zpih8%2Bt6chPpsowv%2FPjxOzwJTYdu3CARxraE%3D', 'Nel': '{"report_to":"heroku-nel","max_age":3600,"success_fraction":0.005,"failure_fraction":0.05,"response_headers":["Via"]}', 'Connection': 'keep-alive', 'X-Powered-By': 'Express', 'Content-Type': 'text/plain; charset=utf-8', 'Content-Length': '7', 'Etag': 'W/"7-rM9AyJuqT6iOan/xHh+AW+7K/T8"', 'Date': 'Thu, 18 Apr 2024 19:55:18 GMT', 'Via': '1.1 vegur'}
Response cookies: {}

-----

-----
Test: tests/test_booking.py::Test_new_book::test_create_new_book (call)
Time: 2024-04-18 22:55:17.803291
Request method: GET
Request URL: https://restful-booker.herokuapp.com/booking/2121

Response code: 404
Response text: Not Found
Response headers: {'Server': 'Cowboy', 'Report-To': '{"group":"heroku-nel","max_age":3600,"endpoints":[{"url":"https://nel.heroku.com/reports?ts=1713470119&sid=c46efe9b-d3d2-4a0c-8c76-bfafa16c5add&s=eyhaWmdLNMkNMb0VYpNQEbCKZDhUKLwmlAf64wZAVQA%3D"}]}', 'Reporting-Endpoints': 'heroku-nel=https://nel.heroku.com/reports?ts=1713470119&sid=c46efe9b-d3d2-4a0c-8c76-bfafa16c5add&s=eyhaWmdLNMkNMb0VYpNQEbCKZDhUKLwmlAf64wZAVQA%3D', 'Nel': '{"report_to":"heroku-nel","max_age":3600,"success_fraction":0.005,"failure_fraction":0.05,"response_headers":["Via"]}', 'Connection': 'keep-alive', 'X-Powered-By': 'Express', 'Content-Type': 'text/plain; charset=utf-8', 'Content-Length': '9', 'Etag': 'W/"9-0gXL1ngzMqISxa6S1zx3F4wtLyg"', 'Date': 'Thu, 18 Apr 2024 19:55:19 GMT', 'Via': '1.1 vegur'}
Response cookies: {}

-----
